#
# There is insufficient memory for the Java Runtime Environment to continue.
# Native memory allocation (mmap) failed to map 146800640 bytes for committing reserved memory.
# Possible reasons:
#   The system is out of physical RAM or swap space
#   In 32 bit mode, the process size limit was hit
# Possible solutions:
#   Reduce memory load on the system
#   Increase physical memory or swap space
#   Check if swap backing store is full
#   Use 64 bit Java on a 64 bit OS
#   Decrease Java heap size (-Xmx/-Xms)
#   Decrease number of Java threads
#   Decrease Java thread stack sizes (-Xss)
#   Set larger code cache with -XX:ReservedCodeCacheSize=
# This output file may be truncated or incomplete.
#
#  Out of Memory Error (os_linux.cpp:2627), pid=26983, tid=0x00007f8b67773700
#
# JRE version: OpenJDK Runtime Environment (8.0_76-b03) (build 1.8.0_76-release-b03)
# Java VM: OpenJDK 64-Bit Server VM (25.76-b03 mixed mode linux-amd64 compressed oops)
# Failed to write core dump. Core dumps have been disabled. To enable core dumping, try "ulimit -c unlimited" before starting Java again
#

---------------  T H R E A D  ---------------

Current thread (0x00007f8b84077800):  VMThread [stack: 0x00007f8b67673000,0x00007f8b67774000] [id=27013]

Stack: [0x00007f8b67673000,0x00007f8b67774000],  sp=0x00007f8b67772480,  free space=1021k
Native frames: (J=compiled Java code, j=interpreted, Vv=VM code, C=native code)
V  [libjvm.so+0x9d9fcd]  VMError::report_and_die()+0x15d
V  [libjvm.so+0x4b4d4a]  report_vm_out_of_memory(char const*, int, unsigned long, VMErrorType, char const*)+0x8a
V  [libjvm.so+0x845190]  os::pd_commit_memory(char*, unsigned long, unsigned long, bool)+0xf0
V  [libjvm.so+0x83fcbf]  os::commit_memory(char*, unsigned long, unsigned long, bool)+0x1f
V  [libjvm.so+0x8b4d9b]  PSVirtualSpace::expand_by(unsigned long)+0x5b
V  [libjvm.so+0x8b5a10]  PSYoungGen::resize_generation(unsigned long, unsigned long)+0xb0
V  [libjvm.so+0x8b5d2b]  PSYoungGen::resize(unsigned long, unsigned long)+0x1b
V  [libjvm.so+0x8b241c]  PSScavenge::invoke_no_policy()+0xdac
V  [libjvm.so+0x8b2bf8]  PSScavenge::invoke()+0x38
V  [libjvm.so+0x8681f3]  ParallelScavengeHeap::failed_mem_allocate(unsigned long)+0x63
V  [libjvm.so+0x9dba94]  VM_ParallelGCFailedAllocation::doit()+0x84
V  [libjvm.so+0x9dfe47]  VM_Operation::evaluate()+0x47
V  [libjvm.so+0x9de908]  VMThread::evaluate_operation(VM_Operation*)+0x2c8
V  [libjvm.so+0x9ded89]  VMThread::loop()+0x219
V  [libjvm.so+0x9df1d2]  VMThread::run()+0x72
V  [libjvm.so+0x8425b2]  java_start(Thread*)+0xf2

VM_Operation (0x00007f8b66b8a9a0): ParallelGCFailedAllocation, mode: safepoint, requested by thread 0x00007f8b840c6000


---------------  P R O C E S S  ---------------

Java Threads: ( => current thread )
  0x00007f8b840e4000 JavaThread "pool-2-thread-4" [_thread_blocked, id=27068, stack(0x00007f8b66688000,0x00007f8b66789000)]
  0x00007f8b840e2800 JavaThread "pool-2-thread-3" [_thread_blocked, id=27067, stack(0x00007f8b66789000,0x00007f8b6688a000)]
  0x00007f8b840e0800 JavaThread "pool-2-thread-2" [_thread_blocked, id=27066, stack(0x00007f8b6688a000,0x00007f8b6698b000)]
  0x00007f8b840d9800 JavaThread "pool-3-thread-1" [_thread_blocked, id=27061, stack(0x00007f8b6698b000,0x00007f8b66a8c000)]
  0x00007f8b840c6000 JavaThread "pool-2-thread-1" [_thread_blocked, id=27058, stack(0x00007f8b66a8c000,0x00007f8b66b8d000)]
  0x00007f8b840e9800 JavaThread "Service Thread" daemon [_thread_blocked, id=27037, stack(0x00007f8b66ca3000,0x00007f8b66da4000)]
  0x00007f8b840bc800 JavaThread "C1 CompilerThread2" daemon [_thread_blocked, id=27032, stack(0x00007f8b66da4000,0x00007f8b66ea5000)]
  0x00007f8b840ba800 JavaThread "C2 CompilerThread1" daemon [_thread_blocked, id=27030, stack(0x00007f8b66ea5000,0x00007f8b66fa6000)]
  0x00007f8b840b8000 JavaThread "C2 CompilerThread0" daemon [_thread_blocked, id=27027, stack(0x00007f8b66fa6000,0x00007f8b670a7000)]
  0x00007f8b840b6800 JavaThread "Signal Dispatcher" daemon [_thread_blocked, id=27023, stack(0x00007f8b670a7000,0x00007f8b671a8000)]
  0x00007f8b84083800 JavaThread "Finalizer" daemon [_thread_blocked, id=27021, stack(0x00007f8b67471000,0x00007f8b67572000)]
  0x00007f8b8407f000 JavaThread "Reference Handler" daemon [_thread_blocked, id=27015, stack(0x00007f8b67572000,0x00007f8b67673000)]
  0x00007f8b8400a000 JavaThread "main" [_thread_blocked, id=26992, stack(0x00007f8b8dc31000,0x00007f8b8dd32000)]

Other Threads:
=>0x00007f8b84077800 VMThread [stack: 0x00007f8b67673000,0x00007f8b67774000] [id=27013]
  0x00007f8b840ec000 WatcherThread [stack: 0x00007f8b66ba2000,0x00007f8b66ca3000] [id=27044]

VM state:at safepoint (normal execution)

VM Mutex/Monitor currently owned by a thread:  ([mutex/lock_event])
[0x00007f8b840065a0] Threads_lock - owner thread: 0x00007f8b84077800
[0x00007f8b84006aa0] Heap_lock - owner thread: 0x00007f8b840c6000

Heap:
 PSYoungGen      total 141824K, used 16877K [0x00000000eab00000, 0x00000000f4800000, 0x0000000100000000)
  eden space 124928K, 0% used [0x00000000eab00000,0x00000000eab00000,0x00000000f2500000)
  from space 16896K, 99% used [0x00000000f2500000,0x00000000f357b5e8,0x00000000f3580000)
  to   space 14848K, 0% used [0x00000000f3580000,0x00000000f3580000,0x00000000f4400000)
 ParOldGen       total 84992K, used 39736K [0x00000000c0000000, 0x00000000c5300000, 0x00000000eab00000)
  object space 84992K, 46% used [0x00000000c0000000,0x00000000c26ce2c0,0x00000000c5300000)
 Metaspace       used 6167K, capacity 7152K, committed 7296K, reserved 1056768K
  class space    used 586K, capacity 616K, committed 640K, reserved 1048576K

Card table byte_map: [0x00007f8b8a8e8000,0x00007f8b8aae9000] byte_map_base: 0x00007f8b8a2e8000

Marking Bits: (ParMarkBitMap*) 0x00007f8b8d1121a0
 Begin Bits: [0x00007f8b8838e000, 0x00007f8b8938e000)
 End Bits:   [0x00007f8b8938e000, 0x00007f8b8a38e000)

Polling page: 0x00007f8b8dd5c000

CodeCache: size=245760Kb used=7055Kb max_used=7055Kb free=238704Kb
 bounds [0x00007f8b75000000, 0x00007f8b756f0000, 0x00007f8b84000000]
 total_blobs=2073 nmethods=1806 adapters=182
 compilation: enabled

Compilation events (10 events):
Event: 23.441 Thread 0x00007f8b840bc800 nmethod 2177 0x00007f8b756e5ed0 code [0x00007f8b756e60a0, 0x00007f8b756e6518]
Event: 23.441 Thread 0x00007f8b840bc800 2174       2       com.android.dx.dex.code.RopTranslator::access$600 (6 bytes)
Event: 23.441 Thread 0x00007f8b840bc800 nmethod 2174 0x00007f8b756e6850 code [0x00007f8b756e69c0, 0x00007f8b756e6b08]
Event: 23.441 Thread 0x00007f8b840bc800 2173       2       com.android.dx.dex.cf.CfTranslator::coerceConstant (144 bytes)
Event: 23.442 Thread 0x00007f8b840bc800 nmethod 2173 0x00007f8b756e6b90 code [0x00007f8b756e6de0, 0x00007f8b756e74e8]
Event: 23.442 Thread 0x00007f8b840bc800 2175       2       java.util.Collections$UnmodifiableCollection::size (10 bytes)
Event: 23.443 Thread 0x00007f8b840bc800 nmethod 2175 0x00007f8b756e7ad0 code [0x00007f8b756e7c40, 0x00007f8b756e7dc8]
Event: 23.443 Thread 0x00007f8b840bc800 2179   !   2       java.util.zip.ZipFile$ZipFileInflaterInputStream::close (67 bytes)
Event: 23.443 Thread 0x00007f8b840bc800 nmethod 2179 0x00007f8b756e7e50 code [0x00007f8b756e8000, 0x00007f8b756e8438]
Event: 23.443 Thread 0x00007f8b840bc800 2171   !   2       com.android.dx.rop.cst.CstType::intern (48 bytes)

GC Heap History (10 events):
Event: 19.304 GC heap after
Heap after GC invocations=2 (full 0):
 PSYoungGen      total 36864K, used 5117K [0x00000000eab00000, 0x00000000ef300000, 0x0000000100000000)
  eden space 31744K, 0% used [0x00000000eab00000,0x00000000eab00000,0x00000000eca00000)
  from space 5120K, 99% used [0x00000000ecf00000,0x00000000ed3ff448,0x00000000ed400000)
  to   space 5120K, 0% used [0x00000000eca00000,0x00000000eca00000,0x00000000ecf00000)
 ParOldGen       total 84992K, used 5189K [0x00000000c0000000, 0x00000000c5300000, 0x00000000eab00000)
  object space 84992K, 6% used [0x00000000c0000000,0x00000000c0511400,0x00000000c5300000)
 Metaspace       used 5682K, capacity 6832K, committed 7040K, reserved 1056768K
  class space    used 566K, capacity 616K, committed 640K, reserved 1048576K
}
Event: 19.957 GC heap before
{Heap before GC invocations=3 (full 0):
 PSYoungGen      total 36864K, used 36861K [0x00000000eab00000, 0x00000000ef300000, 0x0000000100000000)
  eden space 31744K, 100% used [0x00000000eab00000,0x00000000eca00000,0x00000000eca00000)
  from space 5120K, 99% used [0x00000000ecf00000,0x00000000ed3ff448,0x00000000ed400000)
  to   space 5120K, 0% used [0x00000000eca00000,0x00000000eca00000,0x00000000ecf00000)
 ParOldGen       total 84992K, used 5189K [0x00000000c0000000, 0x00000000c5300000, 0x00000000eab00000)
  object space 84992K, 6% used [0x00000000c0000000,0x00000000c0511400,0x00000000c5300000)
 Metaspace       used 5821K, capacity 6896K, committed 7040K, reserved 1056768K
  class space    used 585K, capacity 616K, committed 640K, reserved 1048576K
Event: 20.030 GC heap after
Heap after GC invocations=3 (full 0):
 PSYoungGen      total 36864K, used 5115K [0x00000000eab00000, 0x00000000ef300000, 0x0000000100000000)
  eden space 31744K, 0% used [0x00000000eab00000,0x00000000eab00000,0x00000000eca00000)
  from space 5120K, 99% used [0x00000000eca00000,0x00000000ecefef80,0x00000000ecf00000)
  to   space 5120K, 0% used [0x00000000eee00000,0x00000000eee00000,0x00000000ef300000)
 ParOldGen       total 84992K, used 9943K [0x00000000c0000000, 0x00000000c5300000, 0x00000000eab00000)
  object space 84992K, 11% used [0x00000000c0000000,0x00000000c09b5fe0,0x00000000c5300000)
 Metaspace       used 5821K, capacity 6896K, committed 7040K, reserved 1056768K
  class space    used 585K, capacity 616K, committed 640K, reserved 1048576K
}
Event: 20.631 GC heap before
{Heap before GC invocations=4 (full 0):
 PSYoungGen      total 36864K, used 36859K [0x00000000eab00000, 0x00000000ef300000, 0x0000000100000000)
  eden space 31744K, 100% used [0x00000000eab00000,0x00000000eca00000,0x00000000eca00000)
  from space 5120K, 99% used [0x00000000eca00000,0x00000000ecefef80,0x00000000ecf00000)
  to   space 5120K, 0% used [0x00000000eee00000,0x00000000eee00000,0x00000000ef300000)
 ParOldGen       total 84992K, used 9943K [0x00000000c0000000, 0x00000000c5300000, 0x00000000eab00000)
  object space 84992K, 11% used [0x00000000c0000000,0x00000000c09b5fe0,0x00000000c5300000)
 Metaspace       used 5841K, capacity 6896K, committed 7040K, reserved 1056768K
  class space    used 586K, capacity 616K, committed 640K, reserved 1048576K
Event: 20.793 GC heap after
Heap after GC invocations=4 (full 0):
 PSYoungGen      total 68608K, used 5118K [0x00000000eab00000, 0x00000000ef300000, 0x0000000100000000)
  eden space 63488K, 0% used [0x00000000eab00000,0x00000000eab00000,0x00000000ee900000)
  from space 5120K, 99% used [0x00000000eee00000,0x00000000ef2ffbb8,0x00000000ef300000)
  to   space 5120K, 0% used [0x00000000ee900000,0x00000000ee900000,0x00000000eee00000)
 ParOldGen       total 84992K, used 14415K [0x00000000c0000000, 0x00000000c5300000, 0x00000000eab00000)
  object space 84992K, 16% used [0x00000000c0000000,0x00000000c0e13c58,0x00000000c5300000)
 Metaspace       used 5841K, capacity 6896K, committed 7040K, reserved 1056768K
  class space    used 586K, capacity 616K, committed 640K, reserved 1048576K
}
Event: 21.659 GC heap before
{Heap before GC invocations=5 (full 0):
 PSYoungGen      total 68608K, used 68606K [0x00000000eab00000, 0x00000000ef300000, 0x0000000100000000)
  eden space 63488K, 100% used [0x00000000eab00000,0x00000000ee900000,0x00000000ee900000)
  from space 5120K, 99% used [0x00000000eee00000,0x00000000ef2ffbb8,0x00000000ef300000)
  to   space 5120K, 0% used [0x00000000ee900000,0x00000000ee900000,0x00000000eee00000)
 ParOldGen       total 84992K, used 14415K [0x00000000c0000000, 0x00000000c5300000, 0x00000000eab00000)
  object space 84992K, 16% used [0x00000000c0000000,0x00000000c0e13c58,0x00000000c5300000)
 Metaspace       used 5900K, capacity 6960K, committed 7040K, reserved 1056768K
  class space    used 586K, capacity 616K, committed 640K, reserved 1048576K
Event: 21.794 GC heap after
Heap after GC invocations=5 (full 0):
 PSYoungGen      total 68608K, used 5104K [0x00000000eab00000, 0x00000000f4400000, 0x0000000100000000)
  eden space 63488K, 0% used [0x00000000eab00000,0x00000000eab00000,0x00000000ee900000)
  from space 5120K, 99% used [0x00000000ee900000,0x00000000eedfc070,0x00000000eee00000)
  to   space 14848K, 0% used [0x00000000f3580000,0x00000000f3580000,0x00000000f4400000)
 ParOldGen       total 84992K, used 24081K [0x00000000c0000000, 0x00000000c5300000, 0x00000000eab00000)
  object space 84992K, 28% used [0x00000000c0000000,0x00000000c17844b8,0x00000000c5300000)
 Metaspace       used 5900K, capacity 6960K, committed 7040K, reserved 1056768K
  class space    used 586K, capacity 616K, committed 640K, reserved 1048576K
}
Event: 22.388 GC heap before
{Heap before GC invocations=6 (full 0):
 PSYoungGen      total 68608K, used 68592K [0x00000000eab00000, 0x00000000f4400000, 0x0000000100000000)
  eden space 63488K, 100% used [0x00000000eab00000,0x00000000ee900000,0x00000000ee900000)
  from space 5120K, 99% used [0x00000000ee900000,0x00000000eedfc070,0x00000000eee00000)
  to   space 14848K, 0% used [0x00000000f3580000,0x00000000f3580000,0x00000000f4400000)
 ParOldGen       total 84992K, used 24081K [0x00000000c0000000, 0x00000000c5300000, 0x00000000eab00000)
  object space 84992K, 28% used [0x00000000c0000000,0x00000000c17844b8,0x00000000c5300000)
 Metaspace       used 5961K, capacity 7024K, committed 7296K, reserved 1056768K
  class space    used 586K, capacity 616K, committed 640K, reserved 1048576K
Event: 22.487 GC heap after
Heap after GC invocations=6 (full 0):
 PSYoungGen      total 139776K, used 14842K [0x00000000eab00000, 0x00000000f4800000, 0x0000000100000000)
  eden space 124928K, 0% used [0x00000000eab00000,0x00000000eab00000,0x00000000f2500000)
  from space 14848K, 99% used [0x00000000f3580000,0x00000000f43fe840,0x00000000f4400000)
  to   space 16896K, 0% used [0x00000000f2500000,0x00000000f2500000,0x00000000f3580000)
 ParOldGen       total 84992K, used 24081K [0x00000000c0000000, 0x00000000c5300000, 0x00000000eab00000)
  object space 84992K, 28% used [0x00000000c0000000,0x00000000c17844b8,0x00000000c5300000)
 Metaspace       used 5961K, capacity 7024K, committed 7296K, reserved 1056768K
  class space    used 586K, capacity 616K, committed 640K, reserved 1048576K
}
Event: 23.457 GC heap before
{Heap before GC invocations=7 (full 0):
 PSYoungGen      total 139776K, used 139770K [0x00000000eab00000, 0x00000000f4800000, 0x0000000100000000)
  eden space 124928K, 100% used [0x00000000eab00000,0x00000000f2500000,0x00000000f2500000)
  from space 14848K, 99% used [0x00000000f3580000,0x00000000f43fe840,0x00000000f4400000)
  to   space 16896K, 0% used [0x00000000f2500000,0x00000000f2500000,0x00000000f3580000)
 ParOldGen       total 84992K, used 24081K [0x00000000c0000000, 0x00000000c5300000, 0x00000000eab00000)
  object space 84992K, 28% used [0x00000000c0000000,0x00000000c17844b8,0x00000000c5300000)
 Metaspace       used 6167K, capacity 7152K, committed 7296K, reserved 1056768K
  class space    used 586K, capacity 616K, committed 640K, reserved 1048576K

Deoptimization events (10 events):
Event: 18.860 Thread 0x00007f8b840e0800 Uncommon trap: reason=unstable_if action=reinterpret pc=0x00007f8b752a1c30 method=com.android.dx.rop.code.LocalItem.hashCode()I @ 25
Event: 19.306 Thread 0x00007f8b840e2800 Uncommon trap: reason=unstable_if action=reinterpret pc=0x00007f8b7528bde0 method=com.android.dx.rop.code.LocalItem.hashCode()I @ 25
Event: 19.564 Thread 0x00007f8b840e4000 Uncommon trap: reason=unstable_if action=reinterpret pc=0x00007f8b752b38f4 method=java.util.HashMap.getNode(ILjava/lang/Object;)Ljava/util/HashMap$Node; @ 84
Event: 19.568 Thread 0x00007f8b840e4000 Uncommon trap: reason=unstable_if action=reinterpret pc=0x00007f8b753a2dcc method=java.util.HashMap.getNode(ILjava/lang/Object;)Ljava/util/HashMap$Node; @ 84
Event: 19.768 Thread 0x00007f8b840e4000 Uncommon trap: reason=unstable_if action=reinterpret pc=0x00007f8b752836ec method=java.util.HashMap.getNode(ILjava/lang/Object;)Ljava/util/HashMap$Node; @ 84
Event: 20.151 Thread 0x00007f8b840c6000 Uncommon trap: reason=unstable_if action=reinterpret pc=0x00007f8b75401200 method=java.util.HashMap.putVal(ILjava/lang/Object;Ljava/lang/Object;ZZ)Ljava/lang/Object; @ 109
Event: 20.534 Thread 0x00007f8b840e2800 Uncommon trap: reason=unstable_if action=reinterpret pc=0x00007f8b753b8ec4 method=com.android.dx.util.IntList.binarysearch(I)I @ 105
Event: 21.465 Thread 0x00007f8b840e2800 Uncommon trap: reason=null_check action=make_not_entrant pc=0x00007f8b754f5958 method=com.android.dx.ssa.SsaRenamer.getLocalForNewReg(I)Lcom/android/dx/rop/code/LocalItem; @ 19
Event: 22.362 Thread 0x00007f8b840e2800 Uncommon trap: reason=unstable_if action=reinterpret pc=0x00007f8b755c26e8 method=com.android.dx.cf.code.ByteCatchList.listFor(I)Lcom/android/dx/cf/code/ByteCatchList; @ 19
Event: 22.958 Thread 0x00007f8b840c6000 Uncommon trap: reason=unstable_if action=reinterpret pc=0x00007f8b756311a4 method=com.android.dx.ssa.SsaRenamer$BlockRenamer.addMapping(ILcom/android/dx/rop/code/RegisterSpec;)V @ 120

Internal exceptions (6 events):
Event: 6.301 Thread 0x00007f8b8400a000 Exception <a 'java/lang/NoSuchMethodError': Method sun.misc.Unsafe.defineClass(Ljava/lang/String;[BII)Ljava/lang/Class; name or signature does not match> (0x00000000eab07cc0) thrown at [/ssd/Android/AOSP-openjdk/external/jetbrains/jdk/hotspot/src/share/vm
Event: 6.301 Thread 0x00007f8b8400a000 Exception <a 'java/lang/NoSuchMethodError': Method sun.misc.Unsafe.prefetchRead(Ljava/lang/Object;J)V name or signature does not match> (0x00000000eab07fa8) thrown at [/ssd/Android/AOSP-openjdk/external/jetbrains/jdk/hotspot/src/share/vm/prims/jni.cpp, li
Event: 19.513 Thread 0x00007f8b840e2800 Exception <a 'java/lang/ArrayIndexOutOfBoundsException': 18> (0x00000000eb57b440) thrown at [/ssd/Android/AOSP-openjdk/external/jetbrains/jdk/hotspot/src/share/vm/interpreter/interpreterRuntime.cpp, line 366]
Event: 19.513 Thread 0x00007f8b840e2800 Exception <a 'java/lang/ArrayIndexOutOfBoundsException': 145> (0x00000000eb57cfc0) thrown at [/ssd/Android/AOSP-openjdk/external/jetbrains/jdk/hotspot/src/share/vm/interpreter/interpreterRuntime.cpp, line 366]
Event: 19.532 Thread 0x00007f8b840e2800 Exception <a 'java/lang/ArrayIndexOutOfBoundsException': 40> (0x00000000eb57e2a8) thrown at [/ssd/Android/AOSP-openjdk/external/jetbrains/jdk/hotspot/src/share/vm/interpreter/interpreterRuntime.cpp, line 366]
Event: 21.465 Thread 0x00007f8b840e2800 Implicit null exception at 0x00007f8b754f1ae1 to 0x00007f8b754f5911

Events (10 events):
Event: 23.081 Thread 0x00007f8b840e2800 DEOPT UNPACKING pc=0x00007f8b75047373 sp=0x00007f8b66887ff8 mode 0
Event: 23.099 Thread 0x00007f8b840e2800 DEOPT PACKING pc=0x00007f8b7534eaec sp=0x00007f8b668880d0
Event: 23.099 Thread 0x00007f8b840e2800 DEOPT UNPACKING pc=0x00007f8b75047373 sp=0x00007f8b66887dd0 mode 0
Event: 23.162 Thread 0x00007f8b840e4000 DEOPT PACKING pc=0x00007f8b751bc8f9 sp=0x00007f8b667871d0
Event: 23.162 Thread 0x00007f8b840e4000 DEOPT UNPACKING pc=0x00007f8b75047373 sp=0x00007f8b66786f20 mode 0
Event: 23.268 Thread 0x00007f8b840e4000 DEOPT PACKING pc=0x00007f8b7534eaec sp=0x00007f8b66787220
Event: 23.268 Thread 0x00007f8b840e4000 DEOPT UNPACKING pc=0x00007f8b75047373 sp=0x00007f8b66786f20 mode 0
Event: 23.435 Thread 0x00007f8b840e2800 DEOPT PACKING pc=0x00007f8b7534eaec sp=0x00007f8b66888220
Event: 23.435 Thread 0x00007f8b840e2800 DEOPT UNPACKING pc=0x00007f8b75047373 sp=0x00007f8b66887f20 mode 0
Event: 23.452 Executing VM operation: ParallelGCFailedAllocation


Dynamic libraries:
00400000-00401000 r-xp 00000000 08:03 10904473                           /opt/android-studio/jre/bin/java
00600000-00601000 r--p 00000000 08:03 10904473                           /opt/android-studio/jre/bin/java
00601000-00602000 rw-p 00001000 08:03 10904473                           /opt/android-studio/jre/bin/java
014bf000-014e0000 rw-p 00000000 00:00 0                                  [heap]
c0000000-c5300000 rw-p 00000000 00:00 0 
c5300000-eab00000 ---p 00000000 00:00 0 
eab00000-f4800000 rw-p 00000000 00:00 0 
fd400000-100000000 ---p 00000000 00:00 0 
100000000-1000a0000 rw-p 00000000 00:00 0 
1000a0000-140000000 ---p 00000000 00:00 0 
7f8b24000000-7f8b24031000 rw-p 00000000 00:00 0 
7f8b24031000-7f8b28000000 ---p 00000000 00:00 0 
7f8b2c000000-7f8b2c027000 rw-p 00000000 00:00 0 
7f8b2c027000-7f8b30000000 ---p 00000000 00:00 0 
7f8b30000000-7f8b30021000 rw-p 00000000 00:00 0 
7f8b30021000-7f8b34000000 ---p 00000000 00:00 0 
7f8b34000000-7f8b3404d000 rw-p 00000000 00:00 0 
7f8b3404d000-7f8b38000000 ---p 00000000 00:00 0 
7f8b38000000-7f8b38021000 rw-p 00000000 00:00 0 
7f8b38021000-7f8b3c000000 ---p 00000000 00:00 0 
7f8b3c000000-7f8b3c021000 rw-p 00000000 00:00 0 
7f8b3c021000-7f8b40000000 ---p 00000000 00:00 0 
7f8b40000000-7f8b40021000 rw-p 00000000 00:00 0 
7f8b40021000-7f8b44000000 ---p 00000000 00:00 0 
7f8b44000000-7f8b44a4b000 rw-p 00000000 00:00 0 
7f8b44a4b000-7f8b48000000 ---p 00000000 00:00 0 
7f8b48000000-7f8b488ae000 rw-p 00000000 00:00 0 
7f8b488ae000-7f8b4c000000 ---p 00000000 00:00 0 
7f8b4c000000-7f8b4c021000 rw-p 00000000 00:00 0 
7f8b4c021000-7f8b50000000 ---p 00000000 00:00 0 
7f8b50000000-7f8b50868000 rw-p 00000000 00:00 0 
7f8b50868000-7f8b54000000 ---p 00000000 00:00 0 
7f8b54000000-7f8b54021000 rw-p 00000000 00:00 0 
7f8b54021000-7f8b58000000 ---p 00000000 00:00 0 
7f8b58000000-7f8b58021000 rw-p 00000000 00:00 0 
7f8b58021000-7f8b5c000000 ---p 00000000 00:00 0 
7f8b5c000000-7f8b5c27c000 rw-p 00000000 00:00 0 
7f8b5c27c000-7f8b60000000 ---p 00000000 00:00 0 
7f8b60000000-7f8b60021000 rw-p 00000000 00:00 0 
7f8b60021000-7f8b64000000 ---p 00000000 00:00 0 
7f8b66688000-7f8b6668b000 ---p 00000000 00:00 0 
7f8b6668b000-7f8b66789000 rw-p 00000000 00:00 0                          [stack:27068]
7f8b66789000-7f8b6678c000 ---p 00000000 00:00 0 
7f8b6678c000-7f8b6688a000 rw-p 00000000 00:00 0                          [stack:27067]
7f8b6688a000-7f8b6688d000 ---p 00000000 00:00 0 
7f8b6688d000-7f8b6698b000 rw-p 00000000 00:00 0                          [stack:27066]
7f8b6698b000-7f8b6698e000 ---p 00000000 00:00 0 
7f8b6698e000-7f8b66a8c000 rw-p 00000000 00:00 0                          [stack:27061]
7f8b66a8c000-7f8b66a8f000 ---p 00000000 00:00 0 
7f8b66a8f000-7f8b66b8d000 rw-p 00000000 00:00 0                          [stack:27058]
7f8b66b8d000-7f8b66ba2000 r--s 000d6000 08:03 3688458                    /home/helium/AndroidStudioProjects/DoRoad/app/build/intermediates/exploded-aar/com.android.support/support-v4/23.0.1/jars/classes.jar
7f8b66ba2000-7f8b66ba3000 ---p 00000000 00:00 0 
7f8b66ba3000-7f8b66ca3000 rw-p 00000000 00:00 0                          [stack:27044]
7f8b66ca3000-7f8b66ca6000 ---p 00000000 00:00 0 
7f8b66ca6000-7f8b66da4000 rw-p 00000000 00:00 0                          [stack:27037]
7f8b66da4000-7f8b66da7000 ---p 00000000 00:00 0 
7f8b66da7000-7f8b66ea5000 rw-p 00000000 00:00 0                          [stack:27032]
7f8b66ea5000-7f8b66ea8000 ---p 00000000 00:00 0 
7f8b66ea8000-7f8b66fa6000 rw-p 00000000 00:00 0                          [stack:27030]
7f8b66fa6000-7f8b66fa9000 ---p 00000000 00:00 0 
7f8b66fa9000-7f8b670a7000 rw-p 00000000 00:00 0                          [stack:27027]
7f8b670a7000-7f8b670aa000 ---p 00000000 00:00 0 
7f8b670aa000-7f8b671a8000 rw-p 00000000 00:00 0                          [stack:27023]
7f8b671a8000-7f8b67471000 r--p 00000000 08:03 2626608                    /usr/lib/locale/locale-archive
7f8b67471000-7f8b67474000 ---p 00000000 00:00 0 
7f8b67474000-7f8b67572000 rw-p 00000000 00:00 0                          [stack:27021]
7f8b67572000-7f8b67575000 ---p 00000000 00:00 0 
7f8b67575000-7f8b67673000 rw-p 00000000 00:00 0                          [stack:27015]
7f8b67673000-7f8b67674000 ---p 00000000 00:00 0 
7f8b67674000-7f8b68000000 rw-p 00000000 00:00 0                          [stack:27013]
7f8b68000000-7f8b68021000 rw-p 00000000 00:00 0 
7f8b68021000-7f8b6c000000 ---p 00000000 00:00 0 
7f8b6c000000-7f8b6c021000 rw-p 00000000 00:00 0 
7f8b6c021000-7f8b70000000 ---p 00000000 00:00 0 
7f8b70000000-7f8b70021000 rw-p 00000000 00:00 0 
7f8b70021000-7f8b74000000 ---p 00000000 00:00 0 
7f8b7400c000-7f8b74633000 rw-p 00000000 00:00 0 
7f8b74633000-7f8b74800000 r--s 03bec000 08:03 10904523                   /opt/android-studio/jre/jre/lib/rt.jar
7f8b74800000-7f8b74e80000 rw-p 00000000 00:00 0 
7f8b74e80000-7f8b75000000 ---p 00000000 00:00 0 
7f8b75000000-7f8b756f0000 rwxp 00000000 00:00 0 
7f8b756f0000-7f8b84000000 ---p 00000000 00:00 0 
7f8b84000000-7f8b843a5000 rw-p 00000000 00:00 0 
7f8b843a5000-7f8b88000000 ---p 00000000 00:00 0 
7f8b88008000-7f8b88017000 r--s 000df000 08:03 7233727                    /home/helium/Android/Sdk/build-tools/23.0.1/lib/dx.jar
7f8b88017000-7f8b8a38e000 rw-p 00000000 00:00 0 
7f8b8a38e000-7f8b8a38f000 ---p 00000000 00:00 0 
7f8b8a38f000-7f8b8a48f000 rw-p 00000000 00:00 0                          [stack:27002]
7f8b8a48f000-7f8b8a490000 ---p 00000000 00:00 0 
7f8b8a490000-7f8b8a590000 rw-p 00000000 00:00 0                          [stack:27001]
7f8b8a590000-7f8b8a591000 ---p 00000000 00:00 0 
7f8b8a591000-7f8b8a691000 rw-p 00000000 00:00 0                          [stack:26999]
7f8b8a691000-7f8b8a692000 ---p 00000000 00:00 0 
7f8b8a692000-7f8b8a7bc000 rw-p 00000000 00:00 0                          [stack:26996]
7f8b8a7bc000-7f8b8a8e8000 ---p 00000000 00:00 0 
7f8b8a8e8000-7f8b8a912000 rw-p 00000000 00:00 0 
7f8b8a912000-7f8b8aa3d000 ---p 00000000 00:00 0 
7f8b8aa3d000-7f8b8aa8c000 rw-p 00000000 00:00 0 
7f8b8aa8c000-7f8b8aae8000 ---p 00000000 00:00 0 
7f8b8aae8000-7f8b8ab05000 rw-p 00000000 00:00 0 
7f8b8ab05000-7f8b8aea9000 ---p 00000000 00:00 0 
7f8b8aea9000-7f8b8aec3000 r-xp 00000000 08:03 10904547                   /opt/android-studio/jre/jre/lib/amd64/libzip.so
7f8b8aec3000-7f8b8b0c3000 ---p 0001a000 08:03 10904547                   /opt/android-studio/jre/jre/lib/amd64/libzip.so
7f8b8b0c3000-7f8b8b0c4000 r--p 0001a000 08:03 10904547                   /opt/android-studio/jre/jre/lib/amd64/libzip.so
7f8b8b0c4000-7f8b8b0c5000 rw-p 0001b000 08:03 10904547                   /opt/android-studio/jre/jre/lib/amd64/libzip.so
7f8b8b0c5000-7f8b8b0cf000 r-xp 00000000 08:03 12345482                   /lib/x86_64-linux-gnu/libnss_files-2.19.so
7f8b8b0cf000-7f8b8b2ce000 ---p 0000a000 08:03 12345482                   /lib/x86_64-linux-gnu/libnss_files-2.19.so
7f8b8b2ce000-7f8b8b2cf000 r--p 00009000 08:03 12345482                   /lib/x86_64-linux-gnu/libnss_files-2.19.so
7f8b8b2cf000-7f8b8b2d0000 rw-p 0000a000 08:03 12345482                   /lib/x86_64-linux-gnu/libnss_files-2.19.so
7f8b8b2d0000-7f8b8b2db000 r-xp 00000000 08:03 12345474                   /lib/x86_64-linux-gnu/libnss_nis-2.19.so
7f8b8b2db000-7f8b8b4da000 ---p 0000b000 08:03 12345474                   /lib/x86_64-linux-gnu/libnss_nis-2.19.so
7f8b8b4da000-7f8b8b4db000 r--p 0000a000 08:03 12345474                   /lib/x86_64-linux-gnu/libnss_nis-2.19.so
7f8b8b4db000-7f8b8b4dc000 rw-p 0000b000 08:03 12345474                   /lib/x86_64-linux-gnu/libnss_nis-2.19.so
7f8b8b4dc000-7f8b8b4f3000 r-xp 00000000 08:03 12345470                   /lib/x86_64-linux-gnu/libnsl-2.19.so
7f8b8b4f3000-7f8b8b6f2000 ---p 00017000 08:03 12345470                   /lib/x86_64-linux-gnu/libnsl-2.19.so
7f8b8b6f2000-7f8b8b6f3000 r--p 00016000 08:03 12345470                   /lib/x86_64-linux-gnu/libnsl-2.19.so
7f8b8b6f3000-7f8b8b6f4000 rw-p 00017000 08:03 12345470                   /lib/x86_64-linux-gnu/libnsl-2.19.so
7f8b8b6f4000-7f8b8b6f6000 rw-p 00000000 00:00 0 
7f8b8b6f6000-7f8b8b6ff000 r-xp 00000000 08:03 12345469                   /lib/x86_64-linux-gnu/libnss_compat-2.19.so
7f8b8b6ff000-7f8b8b8fe000 ---p 00009000 08:03 12345469                   /lib/x86_64-linux-gnu/libnss_compat-2.19.so
7f8b8b8fe000-7f8b8b8ff000 r--p 00008000 08:03 12345469                   /lib/x86_64-linux-gnu/libnss_compat-2.19.so
7f8b8b8ff000-7f8b8b900000 rw-p 00009000 08:03 12345469                   /lib/x86_64-linux-gnu/libnss_compat-2.19.so
7f8b8b900000-7f8b8b92d000 r-xp 00000000 08:03 10904557                   /opt/android-studio/jre/jre/lib/amd64/libjava.so
7f8b8b92d000-7f8b8bb2c000 ---p 0002d000 08:03 10904557                   /opt/android-studio/jre/jre/lib/amd64/libjava.so
7f8b8bb2c000-7f8b8bb2d000 r--p 0002c000 08:03 10904557                   /opt/android-studio/jre/jre/lib/amd64/libjava.so
7f8b8bb2d000-7f8b8bb2f000 rw-p 0002d000 08:03 10904557                   /opt/android-studio/jre/jre/lib/amd64/libjava.so
7f8b8bb2f000-7f8b8bb3f000 r-xp 00000000 08:03 10904573                   /opt/android-studio/jre/jre/lib/amd64/libverify.so
7f8b8bb3f000-7f8b8bd3e000 ---p 00010000 08:03 10904573                   /opt/android-studio/jre/jre/lib/amd64/libverify.so
7f8b8bd3e000-7f8b8bd40000 r--p 0000f000 08:03 10904573                   /opt/android-studio/jre/jre/lib/amd64/libverify.so
7f8b8bd40000-7f8b8bd41000 rw-p 00011000 08:03 10904573                   /opt/android-studio/jre/jre/lib/amd64/libverify.so
7f8b8bd41000-7f8b8bd48000 r-xp 00000000 08:03 12345478                   /lib/x86_64-linux-gnu/librt-2.19.so
7f8b8bd48000-7f8b8bf47000 ---p 00007000 08:03 12345478                   /lib/x86_64-linux-gnu/librt-2.19.so
7f8b8bf47000-7f8b8bf48000 r--p 00006000 08:03 12345478                   /lib/x86_64-linux-gnu/librt-2.19.so
7f8b8bf48000-7f8b8bf49000 rw-p 00007000 08:03 12345478                   /lib/x86_64-linux-gnu/librt-2.19.so
7f8b8bf49000-7f8b8c04e000 r-xp 00000000 08:03 12345464                   /lib/x86_64-linux-gnu/libm-2.19.so
7f8b8c04e000-7f8b8c24d000 ---p 00105000 08:03 12345464                   /lib/x86_64-linux-gnu/libm-2.19.so
7f8b8c24d000-7f8b8c24e000 r--p 00104000 08:03 12345464                   /lib/x86_64-linux-gnu/libm-2.19.so
7f8b8c24e000-7f8b8c24f000 rw-p 00105000 08:03 12345464                   /lib/x86_64-linux-gnu/libm-2.19.so
7f8b8c24f000-7f8b8ce35000 r-xp 00000000 08:03 10904576                   /opt/android-studio/jre/jre/lib/amd64/server/libjvm.so
7f8b8ce35000-7f8b8d035000 ---p 00be6000 08:03 10904576                   /opt/android-studio/jre/jre/lib/amd64/server/libjvm.so
7f8b8d035000-7f8b8d0d4000 r--p 00be6000 08:03 10904576                   /opt/android-studio/jre/jre/lib/amd64/server/libjvm.so
7f8b8d0d4000-7f8b8d0fd000 rw-p 00c85000 08:03 10904576                   /opt/android-studio/jre/jre/lib/amd64/server/libjvm.so
7f8b8d0fd000-7f8b8d13f000 rw-p 00000000 00:00 0 
7f8b8d13f000-7f8b8d158000 r-xp 00000000 08:03 12345471                   /lib/x86_64-linux-gnu/libpthread-2.19.so
7f8b8d158000-7f8b8d357000 ---p 00019000 08:03 12345471                   /lib/x86_64-linux-gnu/libpthread-2.19.so
7f8b8d357000-7f8b8d358000 r--p 00018000 08:03 12345471                   /lib/x86_64-linux-gnu/libpthread-2.19.so
7f8b8d358000-7f8b8d359000 rw-p 00019000 08:03 12345471                   /lib/x86_64-linux-gnu/libpthread-2.19.so
7f8b8d359000-7f8b8d35d000 rw-p 00000000 00:00 0 
7f8b8d35d000-7f8b8d360000 r-xp 00000000 08:03 12345466                   /lib/x86_64-linux-gnu/libdl-2.19.so
7f8b8d360000-7f8b8d55f000 ---p 00003000 08:03 12345466                   /lib/x86_64-linux-gnu/libdl-2.19.so
7f8b8d55f000-7f8b8d560000 r--p 00002000 08:03 12345466                   /lib/x86_64-linux-gnu/libdl-2.19.so
7f8b8d560000-7f8b8d561000 rw-p 00003000 08:03 12345466                   /lib/x86_64-linux-gnu/libdl-2.19.so
7f8b8d561000-7f8b8d71b000 r-xp 00000000 08:03 12345479                   /lib/x86_64-linux-gnu/libc-2.19.so
7f8b8d71b000-7f8b8d91b000 ---p 001ba000 08:03 12345479                   /lib/x86_64-linux-gnu/libc-2.19.so
7f8b8d91b000-7f8b8d91f000 r--p 001ba000 08:03 12345479                   /lib/x86_64-linux-gnu/libc-2.19.so
7f8b8d91f000-7f8b8d921000 rw-p 001be000 08:03 12345479                   /lib/x86_64-linux-gnu/libc-2.19.so
7f8b8d921000-7f8b8d926000 rw-p 00000000 00:00 0 
7f8b8d926000-7f8b8d93c000 r-xp 00000000 08:03 10904448                   /opt/android-studio/jre/lib/amd64/jli/libjli.so
7f8b8d93c000-7f8b8db3b000 ---p 00016000 08:03 10904448                   /opt/android-studio/jre/lib/amd64/jli/libjli.so
7f8b8db3b000-7f8b8db3c000 r--p 00015000 08:03 10904448                   /opt/android-studio/jre/lib/amd64/jli/libjli.so
7f8b8db3c000-7f8b8db3d000 rw-p 00016000 08:03 10904448                   /opt/android-studio/jre/lib/amd64/jli/libjli.so
7f8b8db3d000-7f8b8db60000 r-xp 00000000 08:03 12345472                   /lib/x86_64-linux-gnu/ld-2.19.so
7f8b8db61000-7f8b8dc31000 rw-p 00000000 00:00 0 
7f8b8dc31000-7f8b8dc34000 ---p 00000000 00:00 0 
7f8b8dc34000-7f8b8dd36000 rw-p 00000000 00:00 0                          [stack:26992]
7f8b8dd3d000-7f8b8dd3e000 rw-p 00000000 00:00 0 
7f8b8dd3e000-7f8b8dd3f000 r--p 00000000 08:03 3567699                    /usr/share/locale-langpack/en_GB/LC_MESSAGES/libc.mo
7f8b8dd3f000-7f8b8dd53000 rw-p 00000000 00:00 0 
7f8b8dd53000-7f8b8dd5b000 rw-s 00000000 08:03 3286242                    /tmp/hsperfdata_helium/26983
7f8b8dd5b000-7f8b8dd5c000 rw-p 00000000 00:00 0 
7f8b8dd5c000-7f8b8dd5d000 ---p 00000000 00:00 0 
7f8b8dd5d000-7f8b8dd5f000 rw-p 00000000 00:00 0 
7f8b8dd5f000-7f8b8dd60000 r--p 00022000 08:03 12345472                   /lib/x86_64-linux-gnu/ld-2.19.so
7f8b8dd60000-7f8b8dd61000 rw-p 00023000 08:03 12345472                   /lib/x86_64-linux-gnu/ld-2.19.so
7f8b8dd61000-7f8b8dd62000 rw-p 00000000 00:00 0 
7fff72156000-7fff72177000 rw-p 00000000 00:00 0                          [stack]
7fff721ba000-7fff721bc000 r--p 00000000 00:00 0                          [vvar]
7fff721bc000-7fff721be000 r-xp 00000000 00:00 0                          [vdso]
ffffffffff600000-ffffffffff601000 r-xp 00000000 00:00 0                  [vsyscall]

VM Arguments:
jvm_args: -Djava.awt.headless=true -Xmx1024M -Dfile.encoding=UTF-8 -Duser.country=GB -Duser.language=en -Duser.variant 
java_command: com.android.dx.command.Main --dex --force-jumbo --num-threads=4 --multi-dex --output /home/helium/AndroidStudioProjects/DoRoad/app/build/intermediates/transforms/dex/debug/folders/1000/10/com.android.support-support-v4-23.0.1_76fef39b25fa90828212379ad5aa7239e3c349ce /home/helium/AndroidStudioProjects/DoRoad/app/build/intermediates/exploded-aar/com.android.support/support-v4/23.0.1/jars/classes.jar
java_class_path (initial): /home/helium/Android/Sdk/build-tools/23.0.1/lib/dx.jar
Launcher Type: SUN_STANDARD

Environment Variables:
JAVA_HOME=/opt/jdk1.7.0_75
PATH=/usr/local/sbin:/usr/local/bin:/usr/sbin:/usr/bin:/sbin:/bin:/usr/games:/usr/local/games:LC_ALL="en_GB.UTF-8":/opt/apache-ant-1.9.4/bin:/opt/jdk1.7.0_75/bin:/home/helium/Android/Sdk/platform-tools:/home/helium/Android/Sdk/tools:/opt/mongodb/mongodb-3.0.2/bin:/opt/android-studio/bin
USERNAME=helium
LD_LIBRARY_PATH=/opt/android-studio/bin:
SHELL=/bin/bash
DISPLAY=:0

Signal Handlers:
SIGSEGV: [libjvm.so+0x9daac0], sa_mask[0]=11111111011111111101111111111110, sa_flags=SA_RESTART|SA_SIGINFO
SIGBUS: [libjvm.so+0x9daac0], sa_mask[0]=11111111011111111101111111111110, sa_flags=SA_RESTART|SA_SIGINFO
SIGFPE: [libjvm.so+0x840d90], sa_mask[0]=11111111011111111101111111111110, sa_flags=SA_RESTART|SA_SIGINFO
SIGPIPE: [libjvm.so+0x840d90], sa_mask[0]=11111111011111111101111111111110, sa_flags=SA_RESTART|SA_SIGINFO
SIGXFSZ: [libjvm.so+0x840d90], sa_mask[0]=11111111011111111101111111111110, sa_flags=SA_RESTART|SA_SIGINFO
SIGILL: [libjvm.so+0x840d90], sa_mask[0]=11111111011111111101111111111110, sa_flags=SA_RESTART|SA_SIGINFO
SIGUSR1: SIG_DFL, sa_mask[0]=00000000000000000000000000000000, sa_flags=none
SIGUSR2: [libjvm.so+0x840c60], sa_mask[0]=00100000000000000000000000000000, sa_flags=SA_RESTART|SA_SIGINFO
SIGHUP: [libjvm.so+0x840e50], sa_mask[0]=11111111011111111101111111111110, sa_flags=SA_RESTART|SA_SIGINFO
SIGINT: [libjvm.so+0x840e50], sa_mask[0]=11111111011111111101111111111110, sa_flags=SA_RESTART|SA_SIGINFO
SIGTERM: [libjvm.so+0x840e50], sa_mask[0]=11111111011111111101111111111110, sa_flags=SA_RESTART|SA_SIGINFO
SIGQUIT: [libjvm.so+0x840e50], sa_mask[0]=11111111011111111101111111111110, sa_flags=SA_RESTART|SA_SIGINFO


---------------  S Y S T E M  ---------------

OS:DISTRIB_ID=LinuxMint
DISTRIB_RELEASE=17.3
DISTRIB_CODENAME=rosa
DISTRIB_DESCRIPTION="Linux Mint 17.3 Rosa"

uname:Linux 3.19.0-32-generic #37~14.04.1-Ubuntu SMP Thu Oct 22 09:41:40 UTC 2015 x86_64
libc:glibc 2.19 NPTL 2.19 
rlimit: STACK 8192k, CORE 0k, NPROC 31348, NOFILE 4096, AS infinity
load average:15.29 6.16 3.47

/proc/meminfo:
MemTotal:        8057516 kB
MemFree:          140820 kB
MemAvailable:     106224 kB
Buffers:             836 kB
Cached:          1512980 kB
SwapCached:        10992 kB
Active:          5837156 kB
Inactive:        1850428 kB
Active(anon):    5819628 kB
Inactive(anon):  1827088 kB
Active(file):      17528 kB
Inactive(file):    23340 kB
Unevictable:        1384 kB
Mlocked:            1384 kB
SwapTotal:         48124 kB
SwapFree:          14124 kB
Dirty:               420 kB
Writeback:             0 kB
AnonPages:       6164548 kB
Mapped:           801296 kB
Shmem:           1472612 kB
Slab:             100904 kB
SReclaimable:      58880 kB
SUnreclaim:        42024 kB
KernelStack:       14032 kB
PageTables:        55552 kB
NFS_Unstable:          0 kB
Bounce:                0 kB
WritebackTmp:          0 kB
CommitLimit:     4076880 kB
Committed_AS:   14910024 kB
VmallocTotal:   34359738367 kB
VmallocUsed:      555348 kB
VmallocChunk:   34359090132 kB
HardwareCorrupted:     0 kB
AnonHugePages:   1802240 kB
CmaTotal:              0 kB
CmaFree:               0 kB
HugePages_Total:       0
HugePages_Free:        0
HugePages_Rsvd:        0
HugePages_Surp:        0
Hugepagesize:       2048 kB
DirectMap4k:      203520 kB
DirectMap2M:     7018496 kB
DirectMap1G:     2097152 kB


CPU:total 4 (2 cores per cpu, 2 threads per core) family 6 model 69 stepping 1, cmov, cx8, fxsr, mmx, sse, sse2, sse3, ssse3, sse4.1, sse4.2, popcnt, avx, avx2, aes, clmul, erms, lzcnt, ht, tsc, tscinvbit, bmi1, bmi2

/proc/cpuinfo:
processor	: 0
vendor_id	: GenuineIntel
cpu family	: 6
model		: 69
model name	: Intel(R) Core(TM) i5-4200U CPU @ 1.60GHz
stepping	: 1
microcode	: 0x17
cpu MHz		: 2299.910
cache size	: 3072 KB
physical id	: 0
siblings	: 4
core id		: 0
cpu cores	: 2
apicid		: 0
initial apicid	: 0
fpu		: yes
fpu_exception	: yes
cpuid level	: 13
wp		: yes
flags		: fpu vme de pse tsc msr pae mce cx8 apic sep mtrr pge mca cmov pat pse36 clflush dts acpi mmx fxsr sse sse2 ss ht tm pbe syscall nx pdpe1gb rdtscp lm constant_tsc arch_perfmon pebs bts rep_good nopl xtopology nonstop_tsc aperfmperf eagerfpu pni pclmulqdq dtes64 monitor ds_cpl vmx est tm2 ssse3 fma cx16 xtpr pdcm pcid sse4_1 sse4_2 movbe popcnt tsc_deadline_timer aes xsave avx f16c rdrand lahf_lm abm ida arat epb pln pts dtherm tpr_shadow vnmi flexpriority ept vpid fsgsbase tsc_adjust bmi1 avx2 smep bmi2 erms invpcid xsaveopt
bugs		:
bogomips	: 4588.91
clflush size	: 64
cache_alignment	: 64
address sizes	: 39 bits physical, 48 bits virtual
power management:

processor	: 1
vendor_id	: GenuineIntel
cpu family	: 6
model		: 69
model name	: Intel(R) Core(TM) i5-4200U CPU @ 1.60GHz
stepping	: 1
microcode	: 0x17
cpu MHz		: 2299.910
cache size	: 3072 KB
physical id	: 0
siblings	: 4
core id		: 0
cpu cores	: 2
apicid		: 1
initial apicid	: 1
fpu		: yes
fpu_exception	: yes
cpuid level	: 13
wp		: yes
flags		: fpu vme de pse tsc msr pae mce cx8 apic sep mtrr pge mca cmov pat pse36 clflush dts acpi mmx fxsr sse sse2 ss ht tm pbe syscall nx pdpe1gb rdtscp lm constant_tsc arch_perfmon pebs bts rep_good nopl xtopology nonstop_tsc aperfmperf eagerfpu pni pclmulqdq dtes64 monitor ds_cpl vmx est tm2 ssse3 fma cx16 xtpr pdcm pcid sse4_1 sse4_2 movbe popcnt tsc_deadline_timer aes xsave avx f16c rdrand lahf_lm abm ida arat epb pln pts dtherm tpr_shadow vnmi flexpriority ept vpid fsgsbase tsc_adjust bmi1 avx2 smep bmi2 erms invpcid xsaveopt
bugs		:
bogomips	: 4588.91
clflush size	: 64
cache_alignment	: 64
address sizes	: 39 bits physical, 48 bits virtual
power management:

processor	: 2
vendor_id	: GenuineIntel
cpu family	: 6
model		: 69
model name	: Intel(R) Core(TM) i5-4200U CPU @ 1.60GHz
stepping	: 1
microcode	: 0x17
cpu MHz		: 2303.414
cache size	: 3072 KB
physical id	: 0
siblings	: 4
core id		: 1
cpu cores	: 2
apicid		: 2
initial apicid	: 2
fpu		: yes
fpu_exception	: yes
cpuid level	: 13
wp		: yes
flags		: fpu vme de pse tsc msr pae mce cx8 apic sep mtrr pge mca cmov pat pse36 clflush dts acpi mmx fxsr sse sse2 ss ht tm pbe syscall nx pdpe1gb rdtscp lm constant_tsc arch_perfmon pebs bts rep_good nopl xtopology nonstop_tsc aperfmperf eagerfpu pni pclmulqdq dtes64 monitor ds_cpl vmx est tm2 ssse3 fma cx16 xtpr pdcm pcid sse4_1 sse4_2 movbe popcnt tsc_deadline_timer aes xsave avx f16c rdrand lahf_lm abm ida arat epb pln pts dtherm tpr_shadow vnmi flexpriority ept vpid fsgsbase tsc_adjust bmi1 avx2 smep bmi2 erms invpcid xsaveopt
bugs		:
bogomips	: 4588.91
clflush size	: 64
cache_alignment	: 64
address sizes	: 39 bits physical, 48 bits virtual
power management:

processor	: 3
vendor_id	: GenuineIntel
cpu family	: 6
model		: 69
model name	: Intel(R) Core(TM) i5-4200U CPU @ 1.60GHz
stepping	: 1
microcode	: 0x17
cpu MHz		: 2300.000
cache size	: 3072 KB
physical id	: 0
siblings	: 4
core id		: 1
cpu cores	: 2
apicid		: 3
initial apicid	: 3
fpu		: yes
fpu_exception	: yes
cpuid level	: 13
wp		: yes
flags		: fpu vme de pse tsc msr pae mce cx8 apic sep mtrr pge mca cmov pat pse36 clflush dts acpi mmx fxsr sse sse2 ss ht tm pbe syscall nx pdpe1gb rdtscp lm constant_tsc arch_perfmon pebs bts rep_good nopl xtopology nonstop_tsc aperfmperf eagerfpu pni pclmulqdq dtes64 monitor ds_cpl vmx est tm2 ssse3 fma cx16 xtpr pdcm pcid sse4_1 sse4_2 movbe popcnt tsc_deadline_timer aes xsave avx f16c rdrand lahf_lm abm ida arat epb pln pts dtherm tpr_shadow vnmi flexpriority ept vpid fsgsbase tsc_adjust bmi1 avx2 smep bmi2 erms invpcid xsaveopt
bugs		:
bogomips	: 4588.91
clflush size	: 64
cache_alignment	: 64
address sizes	: 39 bits physical, 48 bits virtual
power management:



Memory: 4k page, physical 8057516k(140820k free), swap 48124k(14124k free)

vm_info: OpenJDK 64-Bit Server VM (25.76-b03) for linux-amd64 JRE (1.8.0_76-release-b03), built on Jun 29 2016 09:39:19 by "builder" with gcc 4.8.4

time: Sat Nov 19 22:03:28 2016
elapsed time: 37 seconds (0d 0h 0m 37s)

